Using pre-set license
Built from '2020.2/staging' branch; Version is '2020.2.3f1 (8ff31bc5bf5b) revision 9433883'; Using compiler version '192528614'; Build Type 'Release'
OS: 'Windows 10 Pro; OS build 19041.1288; Version 2004; 64bit' Language: 'es' Physical Memory: 16330 MB
BatchMode: 1, IsHumanControllingUs: 0, StartBugReporterOnCrash: 0, Is64bit: 1, IsPro: 0

 COMMAND LINE ARGUMENTS:
E:\Unity\2020.2.3f1\Editor\Unity.exe
-adb2
-batchMode
-noUpm
-name
AssetImportWorker0
-projectPath
E:/Repositorios/Juego de JAM/AIcuidao2
-logFile
Logs/AssetImportWorker0.log
-srvPort
62773
Successfully changed project path to: E:/Repositorios/Juego de JAM/AIcuidao2
E:/Repositorios/Juego de JAM/AIcuidao2
Using Asset Import Pipeline V2.
Refreshing native plugins compatible for Editor in 40.78 ms, found 1 plugins.
Preloading 0 native plugins for Editor in 0.00 ms.
Initialize engine version: 2020.2.3f1 (8ff31bc5bf5b)
[Subsystems] Discovering subsystems at path E:/Unity/2020.2.3f1/Editor/Data/Resources/UnitySubsystems
[Subsystems] Discovering subsystems at path E:/Repositorios/Juego de JAM/AIcuidao2/Assets
GfxDevice: creating device client; threaded=0
Direct3D:
    Version:  Direct3D 11.0 [level 11.1]
    Renderer: NVIDIA GeForce GTX 1060 3GB (ID=0x1c02)
    Vendor:   
    VRAM:     2988 MB
    Driver:   27.21.14.6089
Initialize mono
Mono path[0] = 'E:/Unity/2020.2.3f1/Editor/Data/Managed'
Mono path[1] = 'E:/Unity/2020.2.3f1/Editor/Data/MonoBleedingEdge/lib/mono/unityjit'
Mono config path = 'E:/Unity/2020.2.3f1/Editor/Data/MonoBleedingEdge/etc'
Using monoOptions --debugger-agent=transport=dt_socket,embedding=1,server=y,suspend=n,address=127.0.0.1:56876
Begin MonoManager ReloadAssembly
Registering precompiled unity dll's ...
Register platform support module: E:/Unity/2020.2.3f1/Editor/Data/PlaybackEngines/WindowsStandaloneSupport/UnityEditor.WindowsStandalone.Extensions.dll
Registered in 0.001634 seconds.
Native extension for WindowsStandalone target not found
Refreshing native plugins compatible for Editor in 43.13 ms, found 1 plugins.
Preloading 0 native plugins for Editor in 0.00 ms.
Invoked RoslynAnalysisRunner static constructor.
RoslynAnalysisRunner will not be running.
RoslynAnalysisRunner has terminated.
Mono: successfully reloaded assembly
- Completed reload, in  1.417 seconds
Platform modules already initialized, skipping
Registering precompiled user dll's ...
Registered in 0.001041 seconds.
Begin MonoManager ReloadAssembly
Native extension for WindowsStandalone target not found
Refreshing native plugins compatible for Editor in 41.21 ms, found 1 plugins.
Preloading 0 native plugins for Editor in 0.00 ms.
Invoked RoslynAnalysisRunner static constructor.
RoslynAnalysisRunner will not be running.
RoslynAnalysisRunner has terminated.
Mono: successfully reloaded assembly
- Completed reload, in  1.146 seconds
Platform modules already initialized, skipping
========================================================================
Worker process is ready to serve import requests
Launched and connected shader compiler UnityShaderCompiler.exe after 0.05 seconds
Refreshing native plugins compatible for Editor in 0.36 ms, found 1 plugins.
Preloading 0 native plugins for Editor in 0.00 ms.
Unloading 1798 Unused Serialized files (Serialized files now loaded: 0)
System memory in use before: 84.4 MB.
System memory in use after: 84.3 MB.

Unloading 24 unused Assets to reduce memory usage. Loaded Objects now: 2239.
Total: 2.751700 ms (FindLiveObjects: 0.300600 ms CreateObjectMapping: 0.583300 ms MarkObjects: 1.701900 ms  DeleteObjects: 0.164200 ms)

========================================================================
Received Import Request.
  path: Assets/Scenes
  artifactKey: Guid(3dfcaeacfd8321249b4844d83c09fff8) Importer(815301076,1909f56bfc062723c751e8b465ee728b)
Start importing Assets/Scenes using Guid(3dfcaeacfd8321249b4844d83c09fff8) Importer(815301076,1909f56bfc062723c751e8b465ee728b)  -> (artifact id: '82475248f9aae6c2bd3f397c9533d711') in 0.010985 seconds
  Import took 0.014761 seconds .

========================================================================
Received Import Request.
  Time since last request: 0.000261 seconds.
  path: Assets/Scenes 1
  artifactKey: Guid(d38f1f43214623a42bf4b08d16db6c90) Importer(815301076,1909f56bfc062723c751e8b465ee728b)
Start importing Assets/Scenes 1 using Guid(d38f1f43214623a42bf4b08d16db6c90) Importer(815301076,1909f56bfc062723c751e8b465ee728b)  -> (artifact id: '01ee7c2ec0dafa42479f9c3986e44eeb') in 0.007360 seconds
  Import took 0.010711 seconds .

========================================================================
Received Import Request.
  Time since last request: 7.097903 seconds.
  path: Assets/Scenes 1/Map.unity
  artifactKey: Guid(204601d3a260ac843afb44699732efc8) Importer(815301076,1909f56bfc062723c751e8b465ee728b)
Start importing Assets/Scenes 1/Map.unity using Guid(204601d3a260ac843afb44699732efc8) Importer(815301076,1909f56bfc062723c751e8b465ee728b)  -> (artifact id: 'f0541e4881e1815602c7e6ad2c1afe72') in 0.018601 seconds
  Import took 0.021892 seconds .

